<?xml version="1.0" encoding="UTF-8"?>
<testsuite xmlns:xsi="http://www.w3.org/2001/XMLSchema-instance" xsi:noNamespaceSchemaLocation="https://maven.apache.org/surefire/maven-surefire-plugin/xsd/surefire-test-report.xsd" version="3.0.2" name="MainAppTest" time="2.355" tests="23" errors="0" skipped="0" failures="0">
  <properties>
[...]
</properties>
  <testcase name="testAskRepeat_InputY_ReturnsTrue" classname="MainAppTest" time="0.014"/>
  <testcase name="testRunCalculator_RunOnceThenExit" classname="MainAppTest" time="0.031"/>
  <testcase name="testIsInRangeFalse" classname="MainAppTest" time="0.01"/>
  <testcase name="testIsValidOperatorInput_InvalidOperator" classname="MainAppTest" time="0.01"/>
  <testcase name="testIsNumericAndIsInRangeTrue" classname="MainAppTest" time="0.011"/>
  <testcase name="testPrintHeader_OutputCorrect" classname="MainAppTest" time="0.008"/>
  <testcase name="testGetInput_ReturnsUserInput" classname="MainAppTest" time="0.007"/>
  <testcase name="testIsValidOperatorInput_DivideByZero" classname="MainAppTest" time="0.002"/>
  <testcase name="testPerformCalculationFlow_OneCalculation_NoMockScanner" classname="MainAppTest" time="2.069"/>
  <testcase name="testInputNumber_InputValid" classname="MainAppTest" time="0.009"/>
  <testcase name="testAskRepeat_InputN_ReturnsFalse" classname="MainAppTest" time="0.007"/>
  <testcase name="testPerformCalculationFlow_InvalidInput_NoMockScanner" classname="MainAppTest" time="0.005"/>
  <testcase name="testIsValidOperatorInput_ValidNonDivision" classname="MainAppTest" time="0.015"/>
  <testcase name="testIsNumericFalse" classname="MainAppTest" time="0.005"/>
  <testcase name="testInputOperator_ValidInput_WithPromptCheck" classname="MainAppTest" time="0.004"/>
  <testcase name="testRunCalculator_RunTwiceThenExit" classname="MainAppTest" time="0.007"/>
  <testcase name="testInputNumber_InvalidThenValid" classname="MainAppTest" time="0.004"/>
  <testcase name="testAskRepeat_InvalidThenValidInput" classname="MainAppTest" time="0.004"/>
  <testcase name="testParseValidNumber" classname="MainAppTest" time="0.004"/>
  <testcase name="testGetOperatorInput_ReturnsUserInput" classname="MainAppTest" time="0.002"/>
  <testcase name="testPrintExitMessage_OutputCorrect" classname="MainAppTest" time="0.004"/>
  <testcase name="testDisplayResult_OutputCorrect" classname="MainAppTest" time="0.007"/>
  <testcase name="testInputOperator_InvalidThenValidInput_WithPromptAndErrorCheck" classname="MainAppTest" time="0.003"/>
</testsuite>