<?xml version="1.0" encoding="UTF-8"?>
<testsuite xmlns:xsi="http://www.w3.org/2001/XMLSchema-instance" xsi:noNamespaceSchemaLocation="https://maven.apache.org/surefire/maven-surefire-plugin/xsd/surefire-test-report.xsd" version="3.0.2" name="CalculateTest" time="0.478" tests="19" errors="0" skipped="0" failures="0">
  <properties>
[...]
</properties>
  <testcase name="testDivide_NumeratorIsZero" classname="CalculateTest" time="0.11">
    <system-err><![CDATA[SLF4J: Failed to load class "org.slf4j.impl.StaticLoggerBinder".
SLF4J: Defaulting to no-operation (NOP) logger implementation
SLF4J: See http://www.slf4j.org/codes.html#StaticLoggerBinder for further details.
]]></system-err>
  </testcase>
  <testcase name="testMultiply_PositiveAndNegativeNumbers" classname="CalculateTest" time="0.007"/>
  <testcase name="testSubtract_BothOperandsAreZero" classname="CalculateTest" time="0.01"/>
  <testcase name="testMultiply_PositiveNumbers" classname="CalculateTest" time="0.005"/>
  <testcase name="testSubtract_PositiveAndNegativeNumbers" classname="CalculateTest" time="0.007"/>
  <testcase name="testMultiply_NegativeNumbers" classname="CalculateTest" time="0.013"/>
  <testcase name="testAdd_PositiveNumbers" classname="CalculateTest" time="0.008"/>
  <testcase name="testDivide_PositiveAndNegativeNumbers" classname="CalculateTest" time="0.007"/>
  <testcase name="testAdd_NegativeNumbers" classname="CalculateTest" time="0.006"/>
  <testcase name="testSubtract_PositiveNumbers" classname="CalculateTest" time="0.005"/>
  <testcase name="testSubtract_NegativeNumbers" classname="CalculateTest" time="0.046"/>
  <testcase name="testAdd_PositiveAndNegativeNumbers" classname="CalculateTest" time="0.005"/>
  <testcase name="testAdd_BothOperandsAreZero" classname="CalculateTest" time="0.005"/>
  <testcase name="testAdd_OneOperandIsZero" classname="CalculateTest" time="0.007"/>
  <testcase name="testDivide_PositiveNumbers" classname="CalculateTest" time="0.009"/>
  <testcase name="testDivide_NegativeNumbers" classname="CalculateTest" time="0.028"/>
  <testcase name="testMultiply_OneOperandIsZero" classname="CalculateTest" time="0.004"/>
  <testcase name="testSubtract_OneOperandIsZero" classname="CalculateTest" time="0.004"/>
  <testcase name="testMultiply_BothOperandsAreZero" classname="CalculateTest" time="0.003"/>
</testsuite>