<?xml version="1.0" encoding="UTF-8"?>
<testsuite xmlns:xsi="http://www.w3.org/2001/XMLSchema-instance" xsi:noNamespaceSchemaLocation="https://maven.apache.org/surefire/maven-surefire-plugin/xsd/surefire-test-report.xsd" version="3.0.2" name="ComputeTest" time="0.064" tests="5" errors="0" skipped="0" failures="0">
  <properties>
[...]
</properties>
  <testcase name="testPerformCalculation_Addition" classname="ComputeTest" time="0.007"/>
  <testcase name="testPerformCalculation_Subtraction" classname="ComputeTest" time="0.006"/>
  <testcase name="testPerformCalculation_Division" classname="ComputeTest" time="0.007"/>
  <testcase name="testPerformCalculation_Multiplication" classname="ComputeTest" time="0.005"/>
  <testcase name="testPerformCalculation_InvalidOperator" classname="ComputeTest" time="0.008"/>
</testsuite>